Using launch settings from d:\trioapps\FormBuilderApiProject\frombuilderApiProject\Properties\launchSettings.json...
warn: Microsoft.EntityFrameworkCore.Model.Validation[10400]
      Sensitive data logging is enabled. Log entries and exception messages may include sensitive application data; this mode should only be enabled during development.
info: Microsoft.EntityFrameworkCore.Database.Command[20101]
      Executed DbCommand (48ms) [Parameters=[], CommandType='Text', CommandTimeout='60']
      SELECT 1
info: Microsoft.EntityFrameworkCore.Database.Command[20101]
      Executed DbCommand (62ms) [Parameters=[], CommandType='Text', CommandTimeout='60']
      
      IF EXISTS
          (SELECT *
           FROM [sys].[objects] o
           WHERE [o].[type] = 'U'
           AND [o].[is_ms_shipped] = 0
           AND NOT EXISTS (SELECT *
               FROM [sys].[extended_properties] AS [ep]
               WHERE [ep].[major_id] = [o].[object_id]
                   AND [ep].[minor_id] = 0
                   AND [ep].[class] = 1
                   AND [ep].[name] = N'microsoft_database_tools_support'
          )
      )
      SELECT 1 ELSE SELECT 0
info: Microsoft.EntityFrameworkCore.Database.Command[20101]
      Executed DbCommand (5ms) [Parameters=[], CommandType='Text', CommandTimeout='60']
      SELECT CASE
          WHEN EXISTS (
              SELECT 1
              FROM [FIELD_TYPES] AS [f]) THEN CAST(1 AS bit)
          ELSE CAST(0 AS bit)
      END
info: Program[0]
      Database seeding completed successfully!
info: Microsoft.Hosting.Lifetime[14]
      Now listening on: http://localhost:5203
info: Microsoft.Hosting.Lifetime[0]
      Application started. Press Ctrl+C to shut down.
info: Microsoft.Hosting.Lifetime[0]
      Hosting environment: Development
info: Microsoft.Hosting.Lifetime[0]
      Content root path: d:\trioapps\FormBuilderApiProject\frombuilderApiProject
info: Program[0]
      FormBuilder API started successfully
warn: Microsoft.AspNetCore.HttpsPolicy.HttpsRedirectionMiddleware[3]
      Failed to determine the https port for redirect.
info: FormBuilder.API.Controllers.Webhooks.DocuSignWebhookController[0]
      DocuSign webhook received. EnvelopeId=env-test-123, Status=envelope-completed
